# Logfile created on 2016-09-08 11:44:50 +0300 by logger.rb/v1.2.7
D, [2016-09-08T15:43:31.999681 #28678] DEBUG -- : DRAGONFLY: shell command: '/usr/bin/convert' '/home/walter/Sites/Wagon/car_hire/public/images/gyeongbokgung-full.jpg' '-resize' '400x' '/tmp/dragonfly20160908-28678-ioyj2i.jpg'
I, [2016-09-08T15:43:32.810976 #28678]  INFO -- : DRAGONFLY: GET /steam/dynamic/W1siZmYiLCIvaG9tZS93YWx0ZXIvU2l0ZXMvV2Fnb24vY2FyX2hpcmUvcHVibGljL2ltYWdlcy9neWVvbmdib2tndW5nLWZ1bGwuanBnIl0sWyJwIiwidGh1bWIiLCI0MDB4Il1d/1097b85de0a6138d/gyeongbokgung-full.jpg 200
I, [2016-09-08T15:44:13.088463 #28678]  INFO -- : DRAGONFLY: GET /steam/dynamic/W1siZmYiLCIvaG9tZS93YWx0ZXIvU2l0ZXMvV2Fnb24vY2FyX2hpcmUvcHVibGljL2ltYWdlcy9neWVvbmdib2tndW5nLWZ1bGwuanBnIl0sWyJwIiwidGh1bWIiLCI0MDB4Il1d/1097b85de0a6138d/gyeongbokgung-full.jpg 304
I, [2016-09-08T15:44:25.749214 #28678]  INFO -- : DRAGONFLY: GET /steam/dynamic/W1siZmYiLCIvaG9tZS93YWx0ZXIvU2l0ZXMvV2Fnb24vY2FyX2hpcmUvcHVibGljL2ltYWdlcy9neWVvbmdib2tndW5nLWZ1bGwuanBnIl0sWyJwIiwidGh1bWIiLCI0MDB4Il1d/1097b85de0a6138d/gyeongbokgung-full.jpg 304
I, [2016-09-08T15:44:38.620402 #28678]  INFO -- : DRAGONFLY: GET /steam/dynamic/W1siZmYiLCIvaG9tZS93YWx0ZXIvU2l0ZXMvV2Fnb24vY2FyX2hpcmUvcHVibGljL2ltYWdlcy9neWVvbmdib2tndW5nLWZ1bGwuanBnIl0sWyJwIiwidGh1bWIiLCI0MDB4Il1d/1097b85de0a6138d/gyeongbokgung-full.jpg 304
D, [2016-09-08T15:44:39.814103 #28678] DEBUG -- : DRAGONFLY: shell command: '/usr/bin/convert' '/home/walter/Sites/Wagon/car_hire/public/images/gyeongbokgung-full.jpg' '-resize' '350x' '/tmp/dragonfly20160908-28678-5s8oon.jpg'
I, [2016-09-08T15:44:39.921578 #28678]  INFO -- : DRAGONFLY: GET /steam/dynamic/W1siZmYiLCIvaG9tZS93YWx0ZXIvU2l0ZXMvV2Fnb24vY2FyX2hpcmUvcHVibGljL2ltYWdlcy9neWVvbmdib2tndW5nLWZ1bGwuanBnIl0sWyJwIiwidGh1bWIiLCIzNTB4Il1d/81408caa88ac27e6/gyeongbokgung-full.jpg 200
I, [2016-09-08T15:45:00.782710 #28678]  INFO -- : DRAGONFLY: GET /steam/dynamic/W1siZmYiLCIvaG9tZS93YWx0ZXIvU2l0ZXMvV2Fnb24vY2FyX2hpcmUvcHVibGljL2ltYWdlcy9neWVvbmdib2tndW5nLWZ1bGwuanBnIl0sWyJwIiwidGh1bWIiLCIzNTB4Il1d/81408caa88ac27e6/gyeongbokgung-full.jpg 304
I, [2016-09-08T15:45:02.521442 #28678]  INFO -- : DRAGONFLY: GET /steam/dynamic/W1siZmYiLCIvaG9tZS93YWx0ZXIvU2l0ZXMvV2Fnb24vY2FyX2hpcmUvcHVibGljL2ltYWdlcy9neWVvbmdib2tndW5nLWZ1bGwuanBnIl0sWyJwIiwidGh1bWIiLCIzNTB4Il1d/81408caa88ac27e6/gyeongbokgung-full.jpg 304
I, [2016-09-08T15:45:15.660543 #28678]  INFO -- : DRAGONFLY: GET /steam/dynamic/W1siZmYiLCIvaG9tZS93YWx0ZXIvU2l0ZXMvV2Fnb24vY2FyX2hpcmUvcHVibGljL2ltYWdlcy9neWVvbmdib2tndW5nLWZ1bGwuanBnIl0sWyJwIiwidGh1bWIiLCIzNTB4Il1d/81408caa88ac27e6/gyeongbokgung-full.jpg 304
I, [2016-09-08T15:45:16.816703 #28678]  INFO -- : DRAGONFLY: GET /steam/dynamic/W1siZmYiLCIvaG9tZS93YWx0ZXIvU2l0ZXMvV2Fnb24vY2FyX2hpcmUvcHVibGljL2ltYWdlcy9neWVvbmdib2tndW5nLWZ1bGwuanBnIl0sWyJwIiwidGh1bWIiLCIzNTB4Il1d/81408caa88ac27e6/gyeongbokgung-full.jpg 304
I, [2016-09-08T15:45:28.320271 #28678]  INFO -- : DRAGONFLY: GET /steam/dynamic/W1siZmYiLCIvaG9tZS93YWx0ZXIvU2l0ZXMvV2Fnb24vY2FyX2hpcmUvcHVibGljL2ltYWdlcy9neWVvbmdib2tndW5nLWZ1bGwuanBnIl0sWyJwIiwidGh1bWIiLCIzNTB4Il1d/81408caa88ac27e6/gyeongbokgung-full.jpg 304
I, [2016-09-08T15:45:29.213592 #28678]  INFO -- : DRAGONFLY: GET /steam/dynamic/W1siZmYiLCIvaG9tZS93YWx0ZXIvU2l0ZXMvV2Fnb24vY2FyX2hpcmUvcHVibGljL2ltYWdlcy9neWVvbmdib2tndW5nLWZ1bGwuanBnIl0sWyJwIiwidGh1bWIiLCIzNTB4Il1d/81408caa88ac27e6/gyeongbokgung-full.jpg 304
D, [2016-09-08T15:47:54.357679 #28678] DEBUG -- : DRAGONFLY: shell command: '/usr/bin/convert' '/home/walter/Sites/Wagon/car_hire/public/images/car2-full.jpg' '-resize' '350x' '/tmp/dragonfly20160908-28678-1lx9jha.jpg'
W, [2016-09-08T15:47:54.409546 #28678]  WARN -- : DRAGONFLY: caught error - Command failed ('/usr/bin/convert' '/home/walter/Sites/Wagon/car_hire/public/images/car2-full.jpg' '-resize' '350x' '/tmp/dragonfly20160908-28678-1lx9jha.jpg') with exit status 1 and stderr convert: unable to open image `/home/walter/Sites/Wagon/car_hire/public/images/car2-full.jpg': No such file or directory @ error/blob.c/OpenBlob/2712.
convert: no images defined `/tmp/dragonfly20160908-28678-1lx9jha.jpg' @ error/convert.c/ConvertImageCommand/3210.

I, [2016-09-08T15:47:54.409660 #28678]  INFO -- : DRAGONFLY: GET /steam/dynamic/W1siZmYiLCIvaG9tZS93YWx0ZXIvU2l0ZXMvV2Fnb24vY2FyX2hpcmUvcHVibGljL2ltYWdlcy9jYXIyLWZ1bGwuanBnIl0sWyJwIiwidGh1bWIiLCIzNTB4Il1d/7f865b4f34b6f923/car2-full.jpg 500
D, [2016-09-08T15:47:57.004519 #28678] DEBUG -- : DRAGONFLY: shell command: '/usr/bin/convert' '/home/walter/Sites/Wagon/car_hire/public/images/car2-full.jpg' '-resize' '350x' '/tmp/dragonfly20160908-28678-1mvrnmd.jpg'
W, [2016-09-08T15:47:57.011833 #28678]  WARN -- : DRAGONFLY: caught error - Command failed ('/usr/bin/convert' '/home/walter/Sites/Wagon/car_hire/public/images/car2-full.jpg' '-resize' '350x' '/tmp/dragonfly20160908-28678-1mvrnmd.jpg') with exit status 1 and stderr convert: unable to open image `/home/walter/Sites/Wagon/car_hire/public/images/car2-full.jpg': No such file or directory @ error/blob.c/OpenBlob/2712.
convert: no images defined `/tmp/dragonfly20160908-28678-1mvrnmd.jpg' @ error/convert.c/ConvertImageCommand/3210.

I, [2016-09-08T15:47:57.011966 #28678]  INFO -- : DRAGONFLY: GET /steam/dynamic/W1siZmYiLCIvaG9tZS93YWx0ZXIvU2l0ZXMvV2Fnb24vY2FyX2hpcmUvcHVibGljL2ltYWdlcy9jYXIyLWZ1bGwuanBnIl0sWyJwIiwidGh1bWIiLCIzNTB4Il1d/7f865b4f34b6f923/car2-full.jpg 500
D, [2016-09-08T15:48:16.941988 #28678] DEBUG -- : DRAGONFLY: shell command: '/usr/bin/convert' '/home/walter/Sites/Wagon/car_hire/public/images/car2-full.jpg' '-resize' '350x' '/tmp/dragonfly20160908-28678-ba1v2b.jpg'
W, [2016-09-08T15:48:16.949359 #28678]  WARN -- : DRAGONFLY: caught error - Command failed ('/usr/bin/convert' '/home/walter/Sites/Wagon/car_hire/public/images/car2-full.jpg' '-resize' '350x' '/tmp/dragonfly20160908-28678-ba1v2b.jpg') with exit status 1 and stderr convert: unable to open image `/home/walter/Sites/Wagon/car_hire/public/images/car2-full.jpg': No such file or directory @ error/blob.c/OpenBlob/2712.
convert: no images defined `/tmp/dragonfly20160908-28678-ba1v2b.jpg' @ error/convert.c/ConvertImageCommand/3210.

I, [2016-09-08T15:48:16.949486 #28678]  INFO -- : DRAGONFLY: GET /steam/dynamic/W1siZmYiLCIvaG9tZS93YWx0ZXIvU2l0ZXMvV2Fnb24vY2FyX2hpcmUvcHVibGljL2ltYWdlcy9jYXIyLWZ1bGwuanBnIl0sWyJwIiwidGh1bWIiLCIzNTB4Il1d/7f865b4f34b6f923/car2-full.jpg 500
D, [2016-09-08T15:48:19.239759 #28678] DEBUG -- : DRAGONFLY: shell command: '/usr/bin/convert' '/home/walter/Sites/Wagon/car_hire/public/images/car2.jpeg' '-resize' '350x' '/tmp/dragonfly20160908-28678-1h8a93o.jpeg'
I, [2016-09-08T15:48:19.264286 #28678]  INFO -- : DRAGONFLY: GET /steam/dynamic/W1siZmYiLCIvaG9tZS93YWx0ZXIvU2l0ZXMvV2Fnb24vY2FyX2hpcmUvcHVibGljL2ltYWdlcy9jYXIyLmpwZWciXSxbInAiLCJ0aHVtYiIsIjM1MHgiXV0/dddc9ee9ca0cabd3/car2.jpeg 200
I, [2016-09-08T15:48:54.644210 #28678]  INFO -- : DRAGONFLY: GET /steam/dynamic/W1siZmYiLCIvaG9tZS93YWx0ZXIvU2l0ZXMvV2Fnb24vY2FyX2hpcmUvcHVibGljL2ltYWdlcy9jYXIyLmpwZWciXSxbInAiLCJ0aHVtYiIsIjM1MHgiXV0/dddc9ee9ca0cabd3/car2.jpeg 304
I, [2016-09-08T15:49:56.602936 #28678]  INFO -- : DRAGONFLY: GET /steam/dynamic/W1siZmYiLCIvaG9tZS93YWx0ZXIvU2l0ZXMvV2Fnb24vY2FyX2hpcmUvcHVibGljL2ltYWdlcy9jYXIyLmpwZWciXSxbInAiLCJ0aHVtYiIsIjM1MHgiXV0/dddc9ee9ca0cabd3/car2.jpeg 304
I, [2016-09-08T15:49:59.656470 #28678]  INFO -- : DRAGONFLY: GET /steam/dynamic/W1siZmYiLCIvaG9tZS93YWx0ZXIvU2l0ZXMvV2Fnb24vY2FyX2hpcmUvcHVibGljL2ltYWdlcy9jYXIyLmpwZWciXSxbInAiLCJ0aHVtYiIsIjM1MHgiXV0/dddc9ee9ca0cabd3/car2.jpeg 304
I, [2016-09-08T15:51:01.484421 #28678]  INFO -- : DRAGONFLY: GET /steam/dynamic/W1siZmYiLCIvaG9tZS93YWx0ZXIvU2l0ZXMvV2Fnb24vY2FyX2hpcmUvcHVibGljL2ltYWdlcy9jYXIyLmpwZWciXSxbInAiLCJ0aHVtYiIsIjM1MHgiXV0/dddc9ee9ca0cabd3/car2.jpeg 304
I, [2016-09-08T15:51:02.566688 #28678]  INFO -- : DRAGONFLY: GET /steam/dynamic/W1siZmYiLCIvaG9tZS93YWx0ZXIvU2l0ZXMvV2Fnb24vY2FyX2hpcmUvcHVibGljL2ltYWdlcy9jYXIyLmpwZWciXSxbInAiLCJ0aHVtYiIsIjM1MHgiXV0/dddc9ee9ca0cabd3/car2.jpeg 304
I, [2016-09-08T15:52:27.705675 #28678]  INFO -- : DRAGONFLY: GET /steam/dynamic/W1siZmYiLCIvaG9tZS93YWx0ZXIvU2l0ZXMvV2Fnb24vY2FyX2hpcmUvcHVibGljL2ltYWdlcy9jYXIyLmpwZWciXSxbInAiLCJ0aHVtYiIsIjM1MHgiXV0/dddc9ee9ca0cabd3/car2.jpeg 304
I, [2016-09-08T15:53:24.427203 #28678]  INFO -- : DRAGONFLY: GET /steam/dynamic/W1siZmYiLCIvaG9tZS93YWx0ZXIvU2l0ZXMvV2Fnb24vY2FyX2hpcmUvcHVibGljL2ltYWdlcy9jYXIyLmpwZWciXSxbInAiLCJ0aHVtYiIsIjM1MHgiXV0/dddc9ee9ca0cabd3/car2.jpeg 304
I, [2016-09-08T15:53:45.871097 #28678]  INFO -- : DRAGONFLY: GET /steam/dynamic/W1siZmYiLCIvaG9tZS93YWx0ZXIvU2l0ZXMvV2Fnb24vY2FyX2hpcmUvcHVibGljL2ltYWdlcy9jYXIyLmpwZWciXSxbInAiLCJ0aHVtYiIsIjM1MHgiXV0/dddc9ee9ca0cabd3/car2.jpeg 304
I, [2016-09-08T16:01:55.843042 #28678]  INFO -- : DRAGONFLY: GET /steam/dynamic/W1siZmYiLCIvaG9tZS93YWx0ZXIvU2l0ZXMvV2Fnb24vY2FyX2hpcmUvcHVibGljL2ltYWdlcy9jYXIyLmpwZWciXSxbInAiLCJ0aHVtYiIsIjM1MHgiXV0/dddc9ee9ca0cabd3/car2.jpeg 304
I, [2016-09-08T16:15:29.983433 #28678]  INFO -- : DRAGONFLY: GET /steam/dynamic/W1siZmYiLCIvaG9tZS93YWx0ZXIvU2l0ZXMvV2Fnb24vY2FyX2hpcmUvcHVibGljL2ltYWdlcy9jYXIyLmpwZWciXSxbInAiLCJ0aHVtYiIsIjM1MHgiXV0/dddc9ee9ca0cabd3/car2.jpeg 304
I, [2016-09-08T16:15:31.116135 #28678]  INFO -- : DRAGONFLY: GET /steam/dynamic/W1siZmYiLCIvaG9tZS93YWx0ZXIvU2l0ZXMvV2Fnb24vY2FyX2hpcmUvcHVibGljL2ltYWdlcy9jYXIyLmpwZWciXSxbInAiLCJ0aHVtYiIsIjM1MHgiXV0/dddc9ee9ca0cabd3/car2.jpeg 304
I, [2016-09-08T16:27:19.290102 #28678]  INFO -- : DRAGONFLY: GET /steam/dynamic/W1siZmYiLCIvaG9tZS93YWx0ZXIvU2l0ZXMvV2Fnb24vY2FyX2hpcmUvcHVibGljL2ltYWdlcy9jYXIyLmpwZWciXSxbInAiLCJ0aHVtYiIsIjM1MHgiXV0/dddc9ee9ca0cabd3/car2.jpeg 304
